============================================================
  Generated by:           Genus(TM) Synthesis Solution 19.13-s073_1
  Generated on:           Apr 22 2024  08:10:00 pm
  Module:                 alu
  Technology libraries:   slow_1v0 
                          pll 0.0
                          CDK_S128x16 0.0
                          CDK_S256x16 0.0
                          CDK_R512x16 0.0
                          physical_cells 
  Operating conditions:   slow 
  Interconnect mode:      global
  Area mode:              physical library
============================================================

Timing
--------

Clock Period 
-------------
Clk   1400.0 


  Cost    Critical         Violating 
 Group   Path Slack  TNS     Paths   
-------------------------------------
Clk             0.1   0.0          0 
default    No paths   0.0            
-------------------------------------
Total                 0.0          0 

Instance Count
--------------
Leaf Instance Count             225 
Physical Instance count           0 
Sequential Instance Count         8 
Combinational Instance Count    217 
Hierarchical Instance Count       0 

Area
----
Cell Area                          761.292
Physical Cell Area                 0.000
Total Cell Area (Cell+Physical)    761.292
Net Area                           260.685
Total Area (Cell+Physical+Net)     1021.977

Runtime                            0.0 seconds
Elapsed Runtime                    66 seconds
Genus peak memory usage            1020.57 
Innovus peak memory usage          no_value 
Hostname                           localhost
